Arguments: 
  /Users/alek/.nvm/versions/node/v16.14.0/bin/node /Users/alek/.nvm/versions/node/v16.14.0/bin/yarn

PATH: 
  /Users/alek/.yarn/bin:/Users/alek/.nvm/versions/node/v16.14.0/bin:/opt/homebrew/bin:/opt/homebrew/sbin:/usr/local/bin:/usr/bin:/bin:/usr/sbin:/sbin:/Library/Apple/usr/bin:/Users/alek/.yarn/bin:/Users/alek/.nvm/versions/node/v16.14.0/bin:/opt/homebrew/bin:/opt/homebrew/sbin:/Users/alek/.cargo/bin:/Users/alek/development/flutter/bin:/Users/alek/development/flutter/bin

Yarn version: 
  1.22.18

Node version: 
  16.14.0

Platform: 
  darwin arm64

Trace: 
  Error: ENOENT: no such file or directory, lstat '/Users/alek/Documents/development/solid-usehotkeys/node_modules/vite-plugin-solid/node_modules/vite'

npm manifest: 
  {
    "name": "solid",
    "version": "1.0.0",
    "private": true,
    "description": "",
    "main": "./dist/lib/index.js",
    "types": "./dist/lib/index.d.ts",
    "exports": {
      ".": {
        "import": "./dist/lib/index.es.js",
        "require": "./dist/lib/index.umd.js"
      }
    },
    "workspaces": [
      "lib",
      "example"
    ],
    "scripts": {
      "dev": "vite watch --config vite.config.lib.ts",
      "prebuild": "rm -rf dist/lib",
      "build": "vite build --config vite.config.lib.ts",
      "postbuild": "tsc --moduleResolution node --target ESNext --declaration --declarationDir ./dist/lib --outDir temp ./lib/useHotkeys/index.ts"
    },
    "license": "MIT",
    "devDependencies": {
      "@types/node": "^17.0.38",
      "typescript": "^4.6.4",
      "vite": "^2.9.9",
      "vite-plugin-solid": "^2.2.6"
    },
    "dependencies": {
      "ts-key-enum": "^2.0.11"
    },
    "peerDependencies": {
      "solid-js": "^1.4.2"
    }
  }

yarn manifest: 
  No manifest

Lockfile: 
  # THIS IS AN AUTOGENERATED FILE. DO NOT EDIT THIS FILE DIRECTLY.
  # yarn lockfile v1
  
  
  "@ampproject/remapping@^2.1.0":
    version "2.2.0"
    resolved "https://registry.npmjs.org/@ampproject/remapping/-/remapping-2.2.0.tgz"
    integrity sha512-qRmjj8nj9qmLTQXXmaR1cck3UXSRMPrbsLJAasZpF+t3riI71BXed5ebIOYwQntykeZuhjsdweEc9BxH5Jc26w==
    dependencies:
      "@jridgewell/gen-mapping" "^0.1.0"
      "@jridgewell/trace-mapping" "^0.3.9"
  
  "@babel/code-frame@^7.16.7":
    version "7.16.7"
    resolved "https://registry.npmjs.org/@babel/code-frame/-/code-frame-7.16.7.tgz"
    integrity sha512-iAXqUn8IIeBTNd72xsFlgaXHkMBMt6y4HJp1tIaK465CWLT/fG1aqB7ykr95gHHmlBdGbFeWWfyB4NJJ0nmeIg==
    dependencies:
      "@babel/highlight" "^7.16.7"
  
  "@babel/compat-data@^7.17.10":
    version "7.17.10"
    resolved "https://registry.npmjs.org/@babel/compat-data/-/compat-data-7.17.10.tgz"
    integrity sha512-GZt/TCsG70Ms19gfZO1tM4CVnXsPgEPBCpJu+Qz3L0LUDsY5nZqFZglIoPC1kIYOtNBZlrnFT+klg12vFGZXrw==
  
  "@babel/core@^7.16.12":
    version "7.18.2"
    resolved "https://registry.npmjs.org/@babel/core/-/core-7.18.2.tgz"
    integrity sha512-A8pri1YJiC5UnkdrWcmfZTJTV85b4UXTAfImGmCfYmax4TR9Cw8sDS0MOk++Gp2mE/BefVJ5nwy5yzqNJbP/DQ==
    dependencies:
      "@ampproject/remapping" "^2.1.0"
      "@babel/code-frame" "^7.16.7"
      "@babel/generator" "^7.18.2"
      "@babel/helper-compilation-targets" "^7.18.2"
      "@babel/helper-module-transforms" "^7.18.0"
      "@babel/helpers" "^7.18.2"
      "@babel/parser" "^7.18.0"
      "@babel/template" "^7.16.7"
      "@babel/traverse" "^7.18.2"
      "@babel/types" "^7.18.2"
      convert-source-map "^1.7.0"
      debug "^4.1.0"
      gensync "^1.0.0-beta.2"
      json5 "^2.2.1"
      semver "^6.3.0"
  
  "@babel/generator@^7.16.0", "@babel/generator@^7.18.2":
    version "7.18.2"
    resolved "https://registry.npmjs.org/@babel/generator/-/generator-7.18.2.tgz"
    integrity sha512-W1lG5vUwFvfMd8HVXqdfbuG7RuaSrTCCD8cl8fP8wOivdbtbIg2Db3IWUcgvfxKbbn6ZBGYRW/Zk1MIwK49mgw==
    dependencies:
      "@babel/types" "^7.18.2"
      "@jridgewell/gen-mapping" "^0.3.0"
      jsesc "^2.5.1"
  
  "@babel/helper-annotate-as-pure@^7.16.7":
    version "7.16.7"
    resolved "https://registry.npmjs.org/@babel/helper-annotate-as-pure/-/helper-annotate-as-pure-7.16.7.tgz"
    integrity sha512-s6t2w/IPQVTAET1HitoowRGXooX8mCgtuP5195wD/QJPV6wYjpujCGF7JuMODVX2ZAJOf1GT6DT9MHEZvLOFSw==
    dependencies:
      "@babel/types" "^7.16.7"
  
  "@babel/helper-compilation-targets@^7.18.2":
    version "7.18.2"
    resolved "https://registry.npmjs.org/@babel/helper-compilation-targets/-/helper-compilation-targets-7.18.2.tgz"
    integrity sha512-s1jnPotJS9uQnzFtiZVBUxe67CuBa679oWFHpxYYnTpRL/1ffhyX44R9uYiXoa/pLXcY9H2moJta0iaanlk/rQ==
    dependencies:
      "@babel/compat-data" "^7.17.10"
      "@babel/helper-validator-option" "^7.16.7"
      browserslist "^4.20.2"
      semver "^6.3.0"
  
  "@babel/helper-create-class-features-plugin@^7.18.0":
    version "7.18.0"
    resolved "https://registry.npmjs.org/@babel/helper-create-class-features-plugin/-/helper-create-class-features-plugin-7.18.0.tgz"
    integrity sha512-Kh8zTGR9de3J63e5nS0rQUdRs/kbtwoeQQ0sriS0lItjC96u8XXZN6lKpuyWd2coKSU13py/y+LTmThLuVX0Pg==
    dependencies:
      "@babel/helper-annotate-as-pure" "^7.16.7"
      "@babel/helper-environment-visitor" "^7.16.7"
      "@babel/helper-function-name" "^7.17.9"
      "@babel/helper-member-expression-to-functions" "^7.17.7"
      "@babel/helper-optimise-call-expression" "^7.16.7"
      "@babel/helper-replace-supers" "^7.16.7"
      "@babel/helper-split-export-declaration" "^7.16.7"
  
  "@babel/helper-environment-visitor@^7.16.7", "@babel/helper-environment-visitor@^7.18.2":
    version "7.18.2"
    resolved "https://registry.npmjs.org/@babel/helper-environment-visitor/-/helper-environment-visitor-7.18.2.tgz"
    integrity sha512-14GQKWkX9oJzPiQQ7/J36FTXcD4kSp8egKjO9nINlSKiHITRA9q/R74qu8S9xlc/b/yjsJItQUeeh3xnGN0voQ==
  
  "@babel/helper-function-name@^7.17.9":
    version "7.17.9"
    resolved "https://registry.npmjs.org/@babel/helper-function-name/-/helper-function-name-7.17.9.tgz"
    integrity sha512-7cRisGlVtiVqZ0MW0/yFB4atgpGLWEHUVYnb448hZK4x+vih0YO5UoS11XIYtZYqHd0dIPMdUSv8q5K4LdMnIg==
    dependencies:
      "@babel/template" "^7.16.7"
      "@babel/types" "^7.17.0"
  
  "@babel/helper-hoist-variables@^7.16.7":
    version "7.16.7"
    resolved "https://registry.npmjs.org/@babel/helper-hoist-variables/-/helper-hoist-variables-7.16.7.tgz"
    integrity sha512-m04d/0Op34H5v7pbZw6pSKP7weA6lsMvfiIAMeIvkY/R4xQtBSMFEigu9QTZ2qB/9l22vsxtM8a+Q8CzD255fg==
    dependencies:
      "@babel/types" "^7.16.7"
  
  "@babel/helper-member-expression-to-functions@^7.17.7":
    version "7.17.7"
    resolved "https://registry.npmjs.org/@babel/helper-member-expression-to-functions/-/helper-member-expression-to-functions-7.17.7.tgz"
    integrity sha512-thxXgnQ8qQ11W2wVUObIqDL4p148VMxkt5T/qpN5k2fboRyzFGFmKsTGViquyM5QHKUy48OZoca8kw4ajaDPyw==
    dependencies:
      "@babel/types" "^7.17.0"
  
  "@babel/helper-module-imports@7.16.0":
    version "7.16.0"
    resolved "https://registry.npmjs.org/@babel/helper-module-imports/-/helper-module-imports-7.16.0.tgz"
    integrity sha512-kkH7sWzKPq0xt3H1n+ghb4xEMP8k0U7XV3kkB+ZGy69kDk2ySFW1qPi06sjKzFY3t1j6XbJSqr4mF9L7CYVyhg==
    dependencies:
      "@babel/types" "^7.16.0"
  
  "@babel/helper-module-imports@^7.16.0", "@babel/helper-module-imports@^7.16.7":
    version "7.16.7"
    resolved "https://registry.npmjs.org/@babel/helper-module-imports/-/helper-module-imports-7.16.7.tgz"
    integrity sha512-LVtS6TqjJHFc+nYeITRo6VLXve70xmq7wPhWTqDJusJEgGmkAACWwMiTNrvfoQo6hEhFwAIixNkvB0jPXDL8Wg==
    dependencies:
      "@babel/types" "^7.16.7"
  
  "@babel/helper-module-transforms@^7.18.0":
    version "7.18.0"
    resolved "https://registry.npmjs.org/@babel/helper-module-transforms/-/helper-module-transforms-7.18.0.tgz"
    integrity sha512-kclUYSUBIjlvnzN2++K9f2qzYKFgjmnmjwL4zlmU5f8ZtzgWe8s0rUPSTGy2HmK4P8T52MQsS+HTQAgZd3dMEA==
    dependencies:
      "@babel/helper-environment-visitor" "^7.16.7"
      "@babel/helper-module-imports" "^7.16.7"
      "@babel/helper-simple-access" "^7.17.7"
      "@babel/helper-split-export-declaration" "^7.16.7"
      "@babel/helper-validator-identifier" "^7.16.7"
      "@babel/template" "^7.16.7"
      "@babel/traverse" "^7.18.0"
      "@babel/types" "^7.18.0"
  
  "@babel/helper-optimise-call-expression@^7.16.7":
    version "7.16.7"
    resolved "https://registry.npmjs.org/@babel/helper-optimise-call-expression/-/helper-optimise-call-expression-7.16.7.tgz"
    integrity sha512-EtgBhg7rd/JcnpZFXpBy0ze1YRfdm7BnBX4uKMBd3ixa3RGAE002JZB66FJyNH7g0F38U05pXmA5P8cBh7z+1w==
    dependencies:
      "@babel/types" "^7.16.7"
  
  "@babel/helper-plugin-utils@^7.17.12":
    version "7.17.12"
    resolved "https://registry.npmjs.org/@babel/helper-plugin-utils/-/helper-plugin-utils-7.17.12.tgz"
    integrity sha512-JDkf04mqtN3y4iAbO1hv9U2ARpPyPL1zqyWs/2WG1pgSq9llHFjStX5jdxb84himgJm+8Ng+x0oiWF/nw/XQKA==
  
  "@babel/helper-replace-supers@^7.16.7":
    version "7.18.2"
    resolved "https://registry.npmjs.org/@babel/helper-replace-supers/-/helper-replace-supers-7.18.2.tgz"
    integrity sha512-XzAIyxx+vFnrOxiQrToSUOzUOn0e1J2Li40ntddek1Y69AXUTXoDJ40/D5RdjFu7s7qHiaeoTiempZcbuVXh2Q==
    dependencies:
      "@babel/helper-environment-visitor" "^7.18.2"
      "@babel/helper-member-expression-to-functions" "^7.17.7"
      "@babel/helper-optimise-call-expression" "^7.16.7"
      "@babel/traverse" "^7.18.2"
      "@babel/types" "^7.18.2"
  
  "@babel/helper-simple-access@^7.17.7":
    version "7.18.2"
    resolved "https://registry.npmjs.org/@babel/helper-simple-access/-/helper-simple-access-7.18.2.tgz"
    integrity sha512-7LIrjYzndorDY88MycupkpQLKS1AFfsVRm2k/9PtKScSy5tZq0McZTj+DiMRynboZfIqOKvo03pmhTaUgiD6fQ==
    dependencies:
      "@babel/types" "^7.18.2"
  
  "@babel/helper-split-export-declaration@^7.16.7":
    version "7.16.7"
    resolved "https://registry.npmjs.org/@babel/helper-split-export-declaration/-/helper-split-export-declaration-7.16.7.tgz"
    integrity sha512-xbWoy/PFoxSWazIToT9Sif+jJTlrMcndIsaOKvTA6u7QEo7ilkRZpjew18/W3c7nm8fXdUDXh02VXTbZ0pGDNw==
    dependencies:
      "@babel/types" "^7.16.7"
  
  "@babel/helper-validator-identifier@^7.16.7":
    version "7.16.7"
    resolved "https://registry.npmjs.org/@babel/helper-validator-identifier/-/helper-validator-identifier-7.16.7.tgz"
    integrity sha512-hsEnFemeiW4D08A5gUAZxLBTXpZ39P+a+DGDsHw1yxqyQ/jzFEnxf5uTEGp+3bzAbNOxU1paTgYS4ECU/IgfDw==
  
  "@babel/helper-validator-option@^7.16.7":
    version "7.16.7"
    resolved "https://registry.npmjs.org/@babel/helper-validator-option/-/helper-validator-option-7.16.7.tgz"
    integrity sha512-TRtenOuRUVo9oIQGPC5G9DgK4743cdxvtOw0weQNpZXaS16SCBi5MNjZF8vba3ETURjZpTbVn7Vvcf2eAwFozQ==
  
  "@babel/helpers@^7.18.2":
    version "7.18.2"
    resolved "https://registry.npmjs.org/@babel/helpers/-/helpers-7.18.2.tgz"
    integrity sha512-j+d+u5xT5utcQSzrh9p+PaJX94h++KN+ng9b9WEJq7pkUPAd61FGqhjuUEdfknb3E/uDBb7ruwEeKkIxNJPIrg==
    dependencies:
      "@babel/template" "^7.16.7"
      "@babel/traverse" "^7.18.2"
      "@babel/types" "^7.18.2"
  
  "@babel/highlight@^7.16.7":
    version "7.17.12"
    resolved "https://registry.npmjs.org/@babel/highlight/-/highlight-7.17.12.tgz"
    integrity sha512-7yykMVF3hfZY2jsHZEEgLc+3x4o1O+fYyULu11GynEUQNwB6lua+IIQn1FiJxNucd5UlyJryrwsOh8PL9Sn8Qg==
    dependencies:
      "@babel/helper-validator-identifier" "^7.16.7"
      chalk "^2.0.0"
      js-tokens "^4.0.0"
  
  "@babel/parser@^7.16.7", "@babel/parser@^7.18.0":
    version "7.18.4"
    resolved "https://registry.npmjs.org/@babel/parser/-/parser-7.18.4.tgz"
    integrity sha512-FDge0dFazETFcxGw/EXzOkN8uJp0PC7Qbm+Pe9T+av2zlBpOgunFHkQPPn+eRuClU73JF+98D531UgayY89tow==
  
  "@babel/plugin-syntax-jsx@^7.16.5":
    version "7.17.12"
    resolved "https://registry.npmjs.org/@babel/plugin-syntax-jsx/-/plugin-syntax-jsx-7.17.12.tgz"
    integrity sha512-spyY3E3AURfxh/RHtjx5j6hs8am5NbUBGfcZ2vB3uShSpZdQyXSf5rR5Mk76vbtlAZOelyVQ71Fg0x9SG4fsog==
    dependencies:
      "@babel/helper-plugin-utils" "^7.17.12"
  
  "@babel/plugin-syntax-typescript@^7.17.12":
    version "7.17.12"
    resolved "https://registry.npmjs.org/@babel/plugin-syntax-typescript/-/plugin-syntax-typescript-7.17.12.tgz"
    integrity sha512-TYY0SXFiO31YXtNg3HtFwNJHjLsAyIIhAhNWkQ5whPPS7HWUFlg9z0Ta4qAQNjQbP1wsSt/oKkmZ/4/WWdMUpw==
    dependencies:
      "@babel/helper-plugin-utils" "^7.17.12"
  
  "@babel/plugin-transform-typescript@^7.17.12":
    version "7.18.4"
    resolved "https://registry.npmjs.org/@babel/plugin-transform-typescript/-/plugin-transform-typescript-7.18.4.tgz"
    integrity sha512-l4vHuSLUajptpHNEOUDEGsnpl9pfRLsN1XUoDQDD/YBuXTM+v37SHGS+c6n4jdcZy96QtuUuSvZYMLSSsjH8Mw==
    dependencies:
      "@babel/helper-create-class-features-plugin" "^7.18.0"
      "@babel/helper-plugin-utils" "^7.17.12"
      "@babel/plugin-syntax-typescript" "^7.17.12"
  
  "@babel/preset-typescript@^7.16.7":
    version "7.17.12"
    resolved "https://registry.npmjs.org/@babel/preset-typescript/-/preset-typescript-7.17.12.tgz"
    integrity sha512-S1ViF8W2QwAKUGJXxP9NAfNaqGDdEBJKpYkxHf5Yy2C4NPPzXGeR3Lhk7G8xJaaLcFTRfNjVbtbVtm8Gb0mqvg==
    dependencies:
      "@babel/helper-plugin-utils" "^7.17.12"
      "@babel/helper-validator-option" "^7.16.7"
      "@babel/plugin-transform-typescript" "^7.17.12"
  
  "@babel/template@^7.16.7":
    version "7.16.7"
    resolved "https://registry.npmjs.org/@babel/template/-/template-7.16.7.tgz"
    integrity sha512-I8j/x8kHUrbYRTUxXrrMbfCa7jxkE7tZre39x3kjr9hvI82cK1FfqLygotcWN5kdPGWcLdWMHpSBavse5tWw3w==
    dependencies:
      "@babel/code-frame" "^7.16.7"
      "@babel/parser" "^7.16.7"
      "@babel/types" "^7.16.7"
  
  "@babel/traverse@^7.18.0", "@babel/traverse@^7.18.2":
    version "7.18.2"
    resolved "https://registry.npmjs.org/@babel/traverse/-/traverse-7.18.2.tgz"
    integrity sha512-9eNwoeovJ6KH9zcCNnENY7DMFwTU9JdGCFtqNLfUAqtUHRCOsTOqWoffosP8vKmNYeSBUv3yVJXjfd8ucwOjUA==
    dependencies:
      "@babel/code-frame" "^7.16.7"
      "@babel/generator" "^7.18.2"
      "@babel/helper-environment-visitor" "^7.18.2"
      "@babel/helper-function-name" "^7.17.9"
      "@babel/helper-hoist-variables" "^7.16.7"
      "@babel/helper-split-export-declaration" "^7.16.7"
      "@babel/parser" "^7.18.0"
      "@babel/types" "^7.18.2"
      debug "^4.1.0"
      globals "^11.1.0"
  
  "@babel/types@^7.16.0", "@babel/types@^7.16.7", "@babel/types@^7.17.0", "@babel/types@^7.18.0", "@babel/types@^7.18.2":
    version "7.18.4"
    resolved "https://registry.npmjs.org/@babel/types/-/types-7.18.4.tgz"
    integrity sha512-ThN1mBcMq5pG/Vm2IcBmPPfyPXbd8S02rS+OBIDENdufvqC7Z/jHPCv9IcP01277aKtDI8g/2XysBN4hA8niiw==
    dependencies:
      "@babel/helper-validator-identifier" "^7.16.7"
      to-fast-properties "^2.0.0"
  
  "@jridgewell/gen-mapping@^0.1.0":
    version "0.1.1"
    resolved "https://registry.npmjs.org/@jridgewell/gen-mapping/-/gen-mapping-0.1.1.tgz"
    integrity sha512-sQXCasFk+U8lWYEe66WxRDOE9PjVz4vSM51fTu3Hw+ClTpUSQb718772vH3pyS5pShp6lvQM7SxgIDXXXmOX7w==
    dependencies:
      "@jridgewell/set-array" "^1.0.0"
      "@jridgewell/sourcemap-codec" "^1.4.10"
  
  "@jridgewell/gen-mapping@^0.3.0":
    version "0.3.1"
    resolved "https://registry.npmjs.org/@jridgewell/gen-mapping/-/gen-mapping-0.3.1.tgz"
    integrity sha512-GcHwniMlA2z+WFPWuY8lp3fsza0I8xPFMWL5+n8LYyP6PSvPrXf4+n8stDHZY2DM0zy9sVkRDy1jDI4XGzYVqg==
    dependencies:
      "@jridgewell/set-array" "^1.0.0"
      "@jridgewell/sourcemap-codec" "^1.4.10"
      "@jridgewell/trace-mapping" "^0.3.9"
  
  "@jridgewell/resolve-uri@^3.0.3":
    version "3.0.7"
    resolved "https://registry.npmjs.org/@jridgewell/resolve-uri/-/resolve-uri-3.0.7.tgz"
    integrity sha512-8cXDaBBHOr2pQ7j77Y6Vp5VDT2sIqWyWQ56TjEq4ih/a4iST3dItRe8Q9fp0rrIl9DoKhWQtUQz/YpOxLkXbNA==
  
  "@jridgewell/set-array@^1.0.0":
    version "1.1.1"
    resolved "https://registry.npmjs.org/@jridgewell/set-array/-/set-array-1.1.1.tgz"
    integrity sha512-Ct5MqZkLGEXTVmQYbGtx9SVqD2fqwvdubdps5D3djjAkgkKwT918VNOz65pEHFaYTeWcukmJmH5SwsA9Tn2ObQ==
  
  "@jridgewell/sourcemap-codec@^1.4.10":
    version "1.4.13"
    resolved "https://registry.npmjs.org/@jridgewell/sourcemap-codec/-/sourcemap-codec-1.4.13.tgz"
    integrity sha512-GryiOJmNcWbovBxTfZSF71V/mXbgcV3MewDe3kIMCLyIh5e7SKAeUZs+rMnJ8jkMolZ/4/VsdBmMrw3l+VdZ3w==
  
  "@jridgewell/trace-mapping@^0.3.9":
    version "0.3.13"
    resolved "https://registry.npmjs.org/@jridgewell/trace-mapping/-/trace-mapping-0.3.13.tgz"
    integrity sha512-o1xbKhp9qnIAoHJSWd6KlCZfqslL4valSF81H8ImioOAxluWYWOpWkpyktY2vnt4tbrX9XYaxovq6cgowaJp2w==
    dependencies:
      "@jridgewell/resolve-uri" "^3.0.3"
      "@jridgewell/sourcemap-codec" "^1.4.10"
  
  "@types/node@^17.0.38":
    version "17.0.38"
    resolved "https://registry.npmjs.org/@types/node/-/node-17.0.38.tgz"
    integrity sha512-5jY9RhV7c0Z4Jy09G+NIDTsCZ5G0L5n+Z+p+Y7t5VJHM30bgwzSjVtlcBxqAj+6L/swIlvtOSzr8rBk/aNyV2g==
  
  ansi-styles@^3.2.1:
    version "3.2.1"
    resolved "https://registry.npmjs.org/ansi-styles/-/ansi-styles-3.2.1.tgz"
    integrity sha512-VT0ZI6kZRdTh8YyJw3SMbYm/u+NqfsAxEpWO0Pf9sq8/e94WxxOpPKx9FR1FlyCtOVDNOQ+8ntlqFxiRc+r5qA==
    dependencies:
      color-convert "^1.9.0"
  
  babel-plugin-jsx-dom-expressions@^0.33.7:
    version "0.33.7"
    resolved "https://registry.npmjs.org/babel-plugin-jsx-dom-expressions/-/babel-plugin-jsx-dom-expressions-0.33.7.tgz"
    integrity sha512-2RsP7+i8KAd7EPxw3L1mJ9YGhxF56YJ0qQgWgPRiWWECzmxd3RYc+gaIwPw0yZRTN5Z0xQfa+3yTdNgDzq36dQ==
    dependencies:
      "@babel/helper-module-imports" "7.16.0"
      "@babel/plugin-syntax-jsx" "^7.16.5"
      "@babel/types" "^7.16.0"
      html-entities "2.3.2"
  
  babel-preset-solid@^1.3.0:
    version "1.4.2"
    resolved "https://registry.npmjs.org/babel-preset-solid/-/babel-preset-solid-1.4.2.tgz"
    integrity sha512-dDAYTT4UcBvUjdnlf1SOBNTospI/L1wWyzrMxEie3B4Auofo0lSFaCc95Pn5AZY8sdAew13Rp4a1ImByIsZlsQ==
    dependencies:
      babel-plugin-jsx-dom-expressions "^0.33.7"
  
  browserslist@^4.20.2:
    version "4.20.3"
    resolved "https://registry.npmjs.org/browserslist/-/browserslist-4.20.3.tgz"
    integrity sha512-NBhymBQl1zM0Y5dQT/O+xiLP9/rzOIQdKM/eMJBAq7yBgaB6krIYLGejrwVYnSHZdqjscB1SPuAjHwxjvN6Wdg==
    dependencies:
      caniuse-lite "^1.0.30001332"
      electron-to-chromium "^1.4.118"
      escalade "^3.1.1"
      node-releases "^2.0.3"
      picocolors "^1.0.0"
  
  caniuse-lite@^1.0.30001332:
    version "1.0.30001344"
    resolved "https://registry.npmjs.org/caniuse-lite/-/caniuse-lite-1.0.30001344.tgz"
    integrity sha512-0ZFjnlCaXNOAYcV7i+TtdKBp0L/3XEU2MF/x6Du1lrh+SRX4IfzIVL4HNJg5pB2PmFb8rszIGyOvsZnqqRoc2g==
  
  chalk@^2.0.0:
    version "2.4.2"
    resolved "https://registry.npmjs.org/chalk/-/chalk-2.4.2.tgz"
    integrity sha512-Mti+f9lpJNcwF4tWV8/OrTTtF1gZi+f8FqlyAdouralcFWFQWF2+NgCHShjkCb+IFBLq9buZwE1xckQU4peSuQ==
    dependencies:
      ansi-styles "^3.2.1"
      escape-string-regexp "^1.0.5"
      supports-color "^5.3.0"
  
  color-convert@^1.9.0:
    version "1.9.3"
    resolved "https://registry.npmjs.org/color-convert/-/color-convert-1.9.3.tgz"
    integrity sha512-QfAUtd+vFdAtFQcC8CCyYt1fYWxSqAiK2cSD6zDB8N3cpsEBAvRxp9zOGg6G/SHHJYAT88/az/IuDGALsNVbGg==
    dependencies:
      color-name "1.1.3"
  
  color-name@1.1.3:
    version "1.1.3"
    resolved "https://registry.npmjs.org/color-name/-/color-name-1.1.3.tgz"
    integrity sha512-72fSenhMw2HZMTVHeCA9KCmpEIbzWiQsjN+BHcBbS9vr1mtt+vJjPdksIBNUmKAW8TFUDPJK5SUU3QhE9NEXDw==
  
  convert-source-map@^1.7.0:
    version "1.8.0"
    resolved "https://registry.npmjs.org/convert-source-map/-/convert-source-map-1.8.0.tgz"
    integrity sha512-+OQdjP49zViI/6i7nIJpA8rAl4sV/JdPfU9nZs3VqOwGIgizICvuN2ru6fMd+4llL0tar18UYJXfZ/TWtmhUjA==
    dependencies:
      safe-buffer "~5.1.1"
  
  debug@^4.1.0:
    version "4.3.4"
    resolved "https://registry.npmjs.org/debug/-/debug-4.3.4.tgz"
    integrity sha512-PRWFHuSU3eDtQJPvnNY7Jcket1j0t5OuOsFzPPzsekD52Zl8qUfFIPEiswXqIvHWGVHOgX+7G/vCNNhehwxfkQ==
    dependencies:
      ms "2.1.2"
  
  electron-to-chromium@^1.4.118:
    version "1.4.142"
    resolved "https://registry.npmjs.org/electron-to-chromium/-/electron-to-chromium-1.4.142.tgz"
    integrity sha512-ea8Q1YX0JRp4GylOmX4gFHIizi0j9GfRW4EkaHnkZp0agRCBB4ZGeCv17IEzIvBkiYVwfoKVhKZJbTfqCRdQdg==
  
  esbuild-android-64@0.14.42:
    version "0.14.42"
    resolved "https://registry.yarnpkg.com/esbuild-android-64/-/esbuild-android-64-0.14.42.tgz#d7ab3d44d3671218d22bce52f65642b12908d954"
    integrity sha512-P4Y36VUtRhK/zivqGVMqhptSrFILAGlYp0Z8r9UQqHJ3iWztRCNWnlBzD9HRx0DbueXikzOiwyOri+ojAFfW6A==
  
  esbuild-android-arm64@0.14.42:
    version "0.14.42"
    resolved "https://registry.yarnpkg.com/esbuild-android-arm64/-/esbuild-android-arm64-0.14.42.tgz#45336d8bec49abddb3a022996a23373f45a57c27"
    integrity sha512-0cOqCubq+RWScPqvtQdjXG3Czb3AWI2CaKw3HeXry2eoA2rrPr85HF7IpdU26UWdBXgPYtlTN1LUiuXbboROhg==
  
  esbuild-darwin-64@0.14.42:
    version "0.14.42"
    resolved "https://registry.yarnpkg.com/esbuild-darwin-64/-/esbuild-darwin-64-0.14.42.tgz#6dff5e44cd70a88c33323e2f5fb598e40c68a9e0"
    integrity sha512-ipiBdCA3ZjYgRfRLdQwP82rTiv/YVMtW36hTvAN5ZKAIfxBOyPXY7Cejp3bMXWgzKD8B6O+zoMzh01GZsCuEIA==
  
  esbuild-darwin-arm64@0.14.42:
    version "0.14.42"
    resolved "https://registry.npmjs.org/esbuild-darwin-arm64/-/esbuild-darwin-arm64-0.14.42.tgz"
    integrity sha512-bU2tHRqTPOaoH/4m0zYHbFWpiYDmaA0gt90/3BMEFaM0PqVK/a6MA2V/ypV5PO0v8QxN6gH5hBPY4YJ2lopXgA==
  
  esbuild-freebsd-64@0.14.42:
    version "0.14.42"
    resolved "https://registry.yarnpkg.com/esbuild-freebsd-64/-/esbuild-freebsd-64-0.14.42.tgz#ad1c5a564a7e473b8ce95ee7f76618d05d6daffc"
    integrity sha512-75h1+22Ivy07+QvxHyhVqOdekupiTZVLN1PMwCDonAqyXd8TVNJfIRFrdL8QmSJrOJJ5h8H1I9ETyl2L8LQDaw==
  
  esbuild-freebsd-arm64@0.14.42:
    version "0.14.42"
    resolved "https://registry.yarnpkg.com/esbuild-freebsd-arm64/-/esbuild-freebsd-arm64-0.14.42.tgz#4bdb480234144f944f1930829bace7561135ddc7"
    integrity sha512-W6Jebeu5TTDQMJUJVarEzRU9LlKpNkPBbjqSu+GUPTHDCly5zZEQq9uHkmHHl7OKm+mQ2zFySN83nmfCeZCyNA==
  
  esbuild-linux-32@0.14.42:
    version "0.14.42"
    resolved "https://registry.yarnpkg.com/esbuild-linux-32/-/esbuild-linux-32-0.14.42.tgz#ef18fd19f067e9d2b5f677d6b82fa81519f5a8c2"
    integrity sha512-Ooy/Bj+mJ1z4jlWcK5Dl6SlPlCgQB9zg1UrTCeY8XagvuWZ4qGPyYEWGkT94HUsRi2hKsXvcs6ThTOjBaJSMfg==
  
  esbuild-linux-64@0.14.42:
    version "0.14.42"
    resolved "https://registry.yarnpkg.com/esbuild-linux-64/-/esbuild-linux-64-0.14.42.tgz#d84e7333b1c1b22cf8b5b9dbb5dd9b2ecb34b79f"
    integrity sha512-2L0HbzQfbTuemUWfVqNIjOfaTRt9zsvjnme6lnr7/MO9toz/MJ5tZhjqrG6uDWDxhsaHI2/nsDgrv8uEEN2eoA==
  
  esbuild-linux-arm64@0.14.42:
    version "0.14.42"
    resolved "https://registry.yarnpkg.com/esbuild-linux-arm64/-/esbuild-linux-arm64-0.14.42.tgz#dc19e282f8c4ffbaa470c02a4d171e4ae0180cca"
    integrity sha512-c3Ug3e9JpVr8jAcfbhirtpBauLxzYPpycjWulD71CF6ZSY26tvzmXMJYooQ2YKqDY4e/fPu5K8bm7MiXMnyxuA==
  
  esbuild-linux-arm@0.14.42:
    version "0.14.42"
    resolved "https://registry.yarnpkg.com/esbuild-linux-arm/-/esbuild-linux-arm-0.14.42.tgz#d49870e63e2242b8156bf473f2ee5154226be328"
    integrity sha512-STq69yzCMhdRaWnh29UYrLSr/qaWMm/KqwaRF1pMEK7kDiagaXhSL1zQGXbYv94GuGY/zAwzK98+6idCMUOOCg==
  
  esbuild-linux-mips64le@0.14.42:
    version "0.14.42"
    resolved "https://registry.yarnpkg.com/esbuild-linux-mips64le/-/esbuild-linux-mips64le-0.14.42.tgz#f4e6ff9bf8a6f175470498826f48d093b054fc22"
    integrity sha512-QuvpHGbYlkyXWf2cGm51LBCHx6eUakjaSrRpUqhPwjh/uvNUYvLmz2LgPTTPwCqaKt0iwL+OGVL0tXA5aDbAbg==
  
  esbuild-linux-ppc64le@0.14.42:
    version "0.14.42"
    resolved "https://registry.yarnpkg.com/esbuild-linux-ppc64le/-/esbuild-linux-ppc64le-0.14.42.tgz#ac9c66fc80ba9f8fda15a4cc08f4e55f6c0aed63"
    integrity sha512-8ohIVIWDbDT+i7lCx44YCyIRrOW1MYlks9fxTo0ME2LS/fxxdoJBwHWzaDYhjvf8kNpA+MInZvyOEAGoVDrMHg==
  
  esbuild-linux-riscv64@0.14.42:
    version "0.14.42"
    resolved "https://registry.yarnpkg.com/esbuild-linux-riscv64/-/esbuild-linux-riscv64-0.14.42.tgz#21e0ae492a3a9bf4eecbfc916339a66e204256d0"
    integrity sha512-DzDqK3TuoXktPyG1Lwx7vhaF49Onv3eR61KwQyxYo4y5UKTpL3NmuarHSIaSVlTFDDpcIajCDwz5/uwKLLgKiQ==
  
  esbuild-linux-s390x@0.14.42:
    version "0.14.42"
    resolved "https://registry.yarnpkg.com/esbuild-linux-s390x/-/esbuild-linux-s390x-0.14.42.tgz#06d40b957250ffd9a2183bfdfc9a03d6fd21b3e8"
    integrity sha512-YFRhPCxl8nb//Wn6SiS5pmtplBi4z9yC2gLrYoYI/tvwuB1jldir9r7JwAGy1Ck4D7sE7wBN9GFtUUX/DLdcEQ==
  
  esbuild-netbsd-64@0.14.42:
    version "0.14.42"
    resolved "https://registry.yarnpkg.com/esbuild-netbsd-64/-/esbuild-netbsd-64-0.14.42.tgz#185664f05f10914f14ed43bd9e22b7de584267f7"
    integrity sha512-QYSD2k+oT9dqB/4eEM9c+7KyNYsIPgzYOSrmfNGDIyJrbT1d+CFVKvnKahDKNJLfOYj8N4MgyFaU9/Ytc6w5Vw==
  
  esbuild-openbsd-64@0.14.42:
    version "0.14.42"
    resolved "https://registry.yarnpkg.com/esbuild-openbsd-64/-/esbuild-openbsd-64-0.14.42.tgz#c29006f659eb4e55283044bbbd4eb4054fae8839"
    integrity sha512-M2meNVIKWsm2HMY7+TU9AxM7ZVwI9havdsw6m/6EzdXysyCFFSoaTQ/Jg03izjCsK17FsVRHqRe26Llj6x0MNA==
  
  esbuild-sunos-64@0.14.42:
    version "0.14.42"
    resolved "https://registry.yarnpkg.com/esbuild-sunos-64/-/esbuild-sunos-64-0.14.42.tgz#aa9eec112cd1e7105e7bb37000eca7d460083f8f"
    integrity sha512-uXV8TAZEw36DkgW8Ak3MpSJs1ofBb3Smkc/6pZ29sCAN1KzCAQzsje4sUwugf+FVicrHvlamCOlFZIXgct+iqQ==
  
  esbuild-windows-32@0.14.42:
    version "0.14.42"
    resolved "https://registry.yarnpkg.com/esbuild-windows-32/-/esbuild-windows-32-0.14.42.tgz#c3fc450853c61a74dacc5679de301db23b73e61e"
    integrity sha512-4iw/8qWmRICWi9ZOnJJf9sYt6wmtp3hsN4TdI5NqgjfOkBVMxNdM9Vt3626G1Rda9ya2Q0hjQRD9W1o+m6Lz6g==
  
  esbuild-windows-64@0.14.42:
    version "0.14.42"
    resolved "https://registry.yarnpkg.com/esbuild-windows-64/-/esbuild-windows-64-0.14.42.tgz#b877aa37ff47d9fcf0ccb1ca6a24b31475a5e555"
    integrity sha512-j3cdK+Y3+a5H0wHKmLGTJcq0+/2mMBHPWkItR3vytp/aUGD/ua/t2BLdfBIzbNN9nLCRL9sywCRpOpFMx3CxzA==
  
  esbuild-windows-arm64@0.14.42:
    version "0.14.42"
    resolved "https://registry.yarnpkg.com/esbuild-windows-arm64/-/esbuild-windows-arm64-0.14.42.tgz#79da8744626f24bc016dc40d016950b5a4a2bac5"
    integrity sha512-+lRAARnF+hf8J0mN27ujO+VbhPbDqJ8rCcJKye4y7YZLV6C4n3pTRThAb388k/zqF5uM0lS5O201u0OqoWSicw==
  
  esbuild@^0.14.27:
    version "0.14.42"
    resolved "https://registry.npmjs.org/esbuild/-/esbuild-0.14.42.tgz"
    integrity sha512-V0uPZotCEHokJdNqyozH6qsaQXqmZEOiZWrXnds/zaH/0SyrIayRXWRB98CENO73MIZ9T3HBIOsmds5twWtmgw==
    optionalDependencies:
      esbuild-android-64 "0.14.42"
      esbuild-android-arm64 "0.14.42"
      esbuild-darwin-64 "0.14.42"
      esbuild-darwin-arm64 "0.14.42"
      esbuild-freebsd-64 "0.14.42"
      esbuild-freebsd-arm64 "0.14.42"
      esbuild-linux-32 "0.14.42"
      esbuild-linux-64 "0.14.42"
      esbuild-linux-arm "0.14.42"
      esbuild-linux-arm64 "0.14.42"
      esbuild-linux-mips64le "0.14.42"
      esbuild-linux-ppc64le "0.14.42"
      esbuild-linux-riscv64 "0.14.42"
      esbuild-linux-s390x "0.14.42"
      esbuild-netbsd-64 "0.14.42"
      esbuild-openbsd-64 "0.14.42"
      esbuild-sunos-64 "0.14.42"
      esbuild-windows-32 "0.14.42"
      esbuild-windows-64 "0.14.42"
      esbuild-windows-arm64 "0.14.42"
  
  escalade@^3.1.1:
    version "3.1.1"
    resolved "https://registry.npmjs.org/escalade/-/escalade-3.1.1.tgz"
    integrity sha512-k0er2gUkLf8O0zKJiAhmkTnJlTvINGv7ygDNPbeIsX/TJjGJZHuh9B2UxbsaEkmlEo9MfhrSzmhIlhRlI2GXnw==
  
  escape-string-regexp@^1.0.5:
    version "1.0.5"
    resolved "https://registry.npmjs.org/escape-string-regexp/-/escape-string-regexp-1.0.5.tgz"
    integrity sha512-vbRorB5FUQWvla16U8R/qgaFIya2qGzwDrNmCZuYKrbdSUMG6I1ZCGQRefkRVhuOkIGVne7BQ35DSfo1qvJqFg==
  
  fsevents@~2.3.2:
    version "2.3.2"
    resolved "https://registry.npmjs.org/fsevents/-/fsevents-2.3.2.tgz"
    integrity sha512-xiqMQR4xAeHTuB9uWm+fFRcIOgKBMiOBP+eXiyT7jsgVCq1bkVygt00oASowB7EdtpOHaaPgKt812P9ab+DDKA==
  
  function-bind@^1.1.1:
    version "1.1.1"
    resolved "https://registry.npmjs.org/function-bind/-/function-bind-1.1.1.tgz"
    integrity sha512-yIovAzMX49sF8Yl58fSCWJ5svSLuaibPxXQJFLmBObTuCr0Mf1KiPopGM9NiFjiYBCbfaa2Fh6breQ6ANVTI0A==
  
  gensync@^1.0.0-beta.2:
    version "1.0.0-beta.2"
    resolved "https://registry.npmjs.org/gensync/-/gensync-1.0.0-beta.2.tgz"
    integrity sha512-3hN7NaskYvMDLQY55gnW3NQ+mesEAepTqlg+VEbj7zzqEMBVNhzcGYYeqFo/TlYz6eQiFcp1HcsCZO+nGgS8zg==
  
  globals@^11.1.0:
    version "11.12.0"
    resolved "https://registry.npmjs.org/globals/-/globals-11.12.0.tgz"
    integrity sha512-WOBp/EEGUiIsJSp7wcv/y6MO+lV9UoncWqxuFfm8eBwzWNgyfBd6Gz+IeKQ9jCmyhoH99g15M3T+QaVHFjizVA==
  
  has-flag@^3.0.0:
    version "3.0.0"
    resolved "https://registry.npmjs.org/has-flag/-/has-flag-3.0.0.tgz"
    integrity sha512-sKJf1+ceQBr4SMkvQnBDNDtf4TXpVhVGateu0t918bl30FnbE2m4vNLX+VWe/dpjlb+HugGYzW7uQXH98HPEYw==
  
  has@^1.0.3:
    version "1.0.3"
    resolved "https://registry.npmjs.org/has/-/has-1.0.3.tgz"
    integrity sha512-f2dvO0VU6Oej7RkWJGrehjbzMAjFp5/VKPp5tTpWIV4JHHZK1/BxbFRtf/siA2SWTe09caDmVtYYzWEIbBS4zw==
    dependencies:
      function-bind "^1.1.1"
  
  html-entities@2.3.2:
    version "2.3.2"
    resolved "https://registry.npmjs.org/html-entities/-/html-entities-2.3.2.tgz"
    integrity sha512-c3Ab/url5ksaT0WyleslpBEthOzWhrjQbg75y7XUsfSzi3Dgzt0l8w5e7DylRn15MTlMMD58dTfzddNS2kcAjQ==
  
  is-core-module@^2.8.1:
    version "2.9.0"
    resolved "https://registry.npmjs.org/is-core-module/-/is-core-module-2.9.0.tgz"
    integrity sha512-+5FPy5PnwmO3lvfMb0AsoPaBG+5KHUI0wYFXOtYPnVVVspTFUuMZNfNaNVRt3FZadstu2c8x23vykRW/NBoU6A==
    dependencies:
      has "^1.0.3"
  
  is-what@^4.1.6:
    version "4.1.7"
    resolved "https://registry.npmjs.org/is-what/-/is-what-4.1.7.tgz"
    integrity sha512-DBVOQNiPKnGMxRMLIYSwERAS5MVY1B7xYiGnpgctsOFvVDz9f9PFXXxMcTOHuoqYp4NK9qFYQaIC1NRRxLMpBQ==
  
  js-tokens@^4.0.0:
    version "4.0.0"
    resolved "https://registry.npmjs.org/js-tokens/-/js-tokens-4.0.0.tgz"
    integrity sha512-RdJUflcE3cUzKiMqQgsCu06FPu9UdIJO0beYbPhHN4k6apgJtifcoCtT9bcxOpYBtpD2kCM6Sbzg4CausW/PKQ==
  
  jsesc@^2.5.1:
    version "2.5.2"
    resolved "https://registry.npmjs.org/jsesc/-/jsesc-2.5.2.tgz"
    integrity sha512-OYu7XEzjkCQ3C5Ps3QIZsQfNpqoJyZZA99wd9aWd05NCtC5pWOkShK2mkL6HXQR6/Cy2lbNdPlZBpuQHXE63gA==
  
  json5@^2.2.1:
    version "2.2.1"
    resolved "https://registry.npmjs.org/json5/-/json5-2.2.1.tgz"
    integrity sha512-1hqLFMSrGHRHxav9q9gNjJ5EXznIxGVO09xQRrwplcS8qs28pZ8s8hupZAmqDwZUmVZ2Qb2jnyPOWcDH8m8dlA==
  
  merge-anything@^5.0.2:
    version "5.0.2"
    resolved "https://registry.npmjs.org/merge-anything/-/merge-anything-5.0.2.tgz"
    integrity sha512-POPQBWkBC0vxdgzRJ2Mkj4+2NTKbvkHo93ih+jGDhNMLzIw+rYKjO7949hOQM2X7DxMHH1uoUkwWFLIzImw7gA==
    dependencies:
      is-what "^4.1.6"
      ts-toolbelt "^9.6.0"
  
  ms@2.1.2:
    version "2.1.2"
    resolved "https://registry.npmjs.org/ms/-/ms-2.1.2.tgz"
    integrity sha512-sGkPx+VjMtmA6MX27oA4FBFELFCZZ4S4XqeGOXCv68tT+jb3vk/RyaKWP0PTKyWtmLSM0b+adUTEvbs1PEaH2w==
  
  nanoid@^3.3.4:
    version "3.3.4"
    resolved "https://registry.npmjs.org/nanoid/-/nanoid-3.3.4.tgz"
    integrity sha512-MqBkQh/OHTS2egovRtLk45wEyNXwF+cokD+1YPf9u5VfJiRdAiRwB2froX5Co9Rh20xs4siNPm8naNotSD6RBw==
  
  node-releases@^2.0.3:
    version "2.0.5"
    resolved "https://registry.npmjs.org/node-releases/-/node-releases-2.0.5.tgz"
    integrity sha512-U9h1NLROZTq9uE1SNffn6WuPDg8icmi3ns4rEl/oTfIle4iLjTliCzgTsbaIFMq/Xn078/lfY/BL0GWZ+psK4Q==
  
  path-parse@^1.0.7:
    version "1.0.7"
    resolved "https://registry.npmjs.org/path-parse/-/path-parse-1.0.7.tgz"
    integrity sha512-LDJzPVEEEPR+y48z93A0Ed0yXb8pAByGWo/k5YYdYgpY2/2EsOsksJrq7lOHxryrVOn1ejG6oAp8ahvOIQD8sw==
  
  picocolors@^1.0.0:
    version "1.0.0"
    resolved "https://registry.npmjs.org/picocolors/-/picocolors-1.0.0.tgz"
    integrity sha512-1fygroTLlHu66zi26VoTDv8yRgm0Fccecssto+MhsZ0D/DGW2sm8E8AjW7NU5VVTRt5GxbeZ5qBuJr+HyLYkjQ==
  
  postcss@^8.4.13:
    version "8.4.14"
    resolved "https://registry.npmjs.org/postcss/-/postcss-8.4.14.tgz"
    integrity sha512-E398TUmfAYFPBSdzgeieK2Y1+1cpdxJx8yXbK/m57nRhKSmk1GB2tO4lbLBtlkfPQTDKfe4Xqv1ASWPpayPEig==
    dependencies:
      nanoid "^3.3.4"
      picocolors "^1.0.0"
      source-map-js "^1.0.2"
  
  resolve@^1.22.0:
    version "1.22.0"
    resolved "https://registry.npmjs.org/resolve/-/resolve-1.22.0.tgz"
    integrity sha512-Hhtrw0nLeSrFQ7phPp4OOcVjLPIeMnRlr5mcnVuMe7M/7eBn98A3hmFRLoFo3DLZkivSYwhRUJTyPyWAk56WLw==
    dependencies:
      is-core-module "^2.8.1"
      path-parse "^1.0.7"
      supports-preserve-symlinks-flag "^1.0.0"
  
  rollup@^2.59.0:
    version "2.75.4"
    resolved "https://registry.npmjs.org/rollup/-/rollup-2.75.4.tgz"
    integrity sha512-JgZiJMJkKImMZJ8ZY1zU80Z2bA/TvrL/7D9qcBCrfl2bP+HUaIw0QHUroB4E3gBpFl6CRFM1YxGbuYGtdAswbQ==
    optionalDependencies:
      fsevents "~2.3.2"
  
  safe-buffer@~5.1.1:
    version "5.1.2"
    resolved "https://registry.npmjs.org/safe-buffer/-/safe-buffer-5.1.2.tgz"
    integrity sha512-Gd2UZBJDkXlY7GbJxfsE8/nvKkUEU1G38c1siN6QP6a9PT9MmHB8GnpscSmMJSoF8LOIrt8ud/wPtojys4G6+g==
  
  semver@^6.3.0:
    version "6.3.0"
    resolved "https://registry.npmjs.org/semver/-/semver-6.3.0.tgz"
    integrity sha512-b39TBaTSfV6yBrapU89p5fKekE2m/NwnDocOVruQFS1/veMgdzuPcnOM34M6CwxW8jH/lxEa5rBoDeUwu5HHTw==
  
  solid-js@^1.3.3:
    version "1.4.3"
    resolved "https://registry.npmjs.org/solid-js/-/solid-js-1.4.3.tgz"
    integrity sha512-3uh2cbT4ICronIasLAxycF6SVgvqcfwFCDCzlEA9CEahn1qQg8Rw8aRGiI4O51PrHcN5aPRO9knYYRCs0PgzcQ==
  
  solid-refresh@^0.4.0:
    version "0.4.0"
    resolved "https://registry.npmjs.org/solid-refresh/-/solid-refresh-0.4.0.tgz"
    integrity sha512-5XCUz845n/sHPzKK2i2G2EeV61tAmzv6SqzqhXcPaYhrgzVy7nKTQaBpKK8InKrriq9Z2JFF/mguIU00t/73xw==
    dependencies:
      "@babel/generator" "^7.16.0"
      "@babel/helper-module-imports" "^7.16.0"
      "@babel/types" "^7.16.0"
  
  source-map-js@^1.0.2:
    version "1.0.2"
    resolved "https://registry.npmjs.org/source-map-js/-/source-map-js-1.0.2.tgz"
    integrity sha512-R0XvVJ9WusLiqTCEiGCmICCMplcCkIwwR11mOSD9CR5u+IXYdiseeEuXCVAjS54zqwkLcPNnmU4OeJ6tUrWhDw==
  
  supports-color@^5.3.0:
    version "5.5.0"
    resolved "https://registry.npmjs.org/supports-color/-/supports-color-5.5.0.tgz"
    integrity sha512-QjVjwdXIt408MIiAqCX4oUKsgU2EqAGzs2Ppkm4aQYbjm+ZEWEcW4SfFNTr4uMNZma0ey4f5lgLrkB0aX0QMow==
    dependencies:
      has-flag "^3.0.0"
  
  supports-preserve-symlinks-flag@^1.0.0:
    version "1.0.0"
    resolved "https://registry.npmjs.org/supports-preserve-symlinks-flag/-/supports-preserve-symlinks-flag-1.0.0.tgz"
    integrity sha512-ot0WnXS9fgdkgIcePe6RHNk1WA8+muPa6cSjeR3V8K27q9BB1rTE3R1p7Hv0z1ZyAc8s6Vvv8DIyWf681MAt0w==
  
  to-fast-properties@^2.0.0:
    version "2.0.0"
    resolved "https://registry.npmjs.org/to-fast-properties/-/to-fast-properties-2.0.0.tgz"
    integrity sha1-3F5pjL0HkmW8c+A3doGk5Og/YW4=
  
  ts-key-enum@^2.0.11:
    version "2.0.11"
    resolved "https://registry.npmjs.org/ts-key-enum/-/ts-key-enum-2.0.11.tgz"
    integrity sha512-ZYcdy6/RdwryMm2hcRT3KJanGSQREd5SDkMirdFjhWINe12wht2A26tzBqi3pxPau9Pf3Bq1C7iwzFCOfdm5yQ==
  
  ts-toolbelt@^9.6.0:
    version "9.6.0"
    resolved "https://registry.npmjs.org/ts-toolbelt/-/ts-toolbelt-9.6.0.tgz"
    integrity sha512-nsZd8ZeNUzukXPlJmTBwUAuABDe/9qtVDelJeT/qW0ow3ZS3BsQJtNkan1802aM9Uf68/Y8ljw86Hu0h5IUW3w==
  
  typescript@^4.6.4:
    version "4.7.2"
    resolved "https://registry.npmjs.org/typescript/-/typescript-4.7.2.tgz"
    integrity sha512-Mamb1iX2FDUpcTRzltPxgWMKy3fhg0TN378ylbktPGPK/99KbDtMQ4W1hwgsbPAsG3a0xKa1vmw4VKZQbkvz5A==
  
  vite-plugin-solid@^2.2.6:
    version "2.2.6"
    resolved "https://registry.npmjs.org/vite-plugin-solid/-/vite-plugin-solid-2.2.6.tgz"
    integrity sha512-J1RnmqkZZJSNYDW7vZj0giKKHLWGr9tS/gxR70WDSTYfhyXrgukbZdIfSEFbtrsg8ZiQ2t2zXcvkWoeefenqKw==
    dependencies:
      "@babel/core" "^7.16.12"
      "@babel/preset-typescript" "^7.16.7"
      babel-preset-solid "^1.3.0"
      merge-anything "^5.0.2"
      solid-js "^1.3.3"
      solid-refresh "^0.4.0"
      vite "^2.8.0"
  
  vite@^2.8.0, vite@^2.9.9:
    version "2.9.9"
    resolved "https://registry.npmjs.org/vite/-/vite-2.9.9.tgz"
    integrity sha512-ffaam+NgHfbEmfw/Vuh6BHKKlI/XIAhxE5QSS7gFLIngxg171mg1P3a4LSRME0z2ZU1ScxoKzphkipcYwSD5Ew==
    dependencies:
      esbuild "^0.14.27"
      postcss "^8.4.13"
      resolve "^1.22.0"
      rollup "^2.59.0"
    optionalDependencies:
      fsevents "~2.3.2"
